[QC2019-07-31 00:01:49] INFO [main] cn.xiaosheng996.NettyProtobufTcpServer.NettyTcpServer.start(60) | Netty Tcp Server started..
[QC2019-07-31 00:01:55] INFO [nioEventLoopGroup-3-1] cn.xiaosheng996.NettyProtobufTcpServer.ServerHandler.channelActive(51) | [/127.0.0.1:2814] connected
[QC2019-07-31 00:02:31] ERROR [nioEventLoopGroup-3-1] cn.xiaosheng996.NettyProtobufTcpServer.ServerHandler.exceptionCaught(87) | handle packet from [005056fffec00008-000008d8-00000001-f9cfa29a39bde022-95197d1d] failed!
java.io.IOException: 远程主机强迫关闭了一个现有的连接。
	at sun.nio.ch.SocketDispatcher.read0(Native Method)
	at sun.nio.ch.SocketDispatcher.read(Unknown Source)
	at sun.nio.ch.IOUtil.readIntoNativeBuffer(Unknown Source)
	at sun.nio.ch.IOUtil.read(Unknown Source)
	at sun.nio.ch.SocketChannelImpl.read(Unknown Source)
	at io.netty.buffer.PooledUnsafeDirectByteBuf.setBytes(PooledUnsafeDirectByteBuf.java:288)
	at io.netty.buffer.AbstractByteBuf.writeBytes(AbstractByteBuf.java:1100)
	at io.netty.channel.socket.nio.NioSocketChannel.doReadBytes(NioSocketChannel.java:367)
	at io.netty.channel.nio.AbstractNioByteChannel$NioByteUnsafe.read(AbstractNioByteChannel.java:118)
	at io.netty.channel.nio.NioEventLoop.processSelectedKey(NioEventLoop.java:610)
	at io.netty.channel.nio.NioEventLoop.processSelectedKeysOptimized(NioEventLoop.java:551)
	at io.netty.channel.nio.NioEventLoop.processSelectedKeys(NioEventLoop.java:465)
	at io.netty.channel.nio.NioEventLoop.run(NioEventLoop.java:437)
	at io.netty.util.concurrent.SingleThreadEventExecutor$5.run(SingleThreadEventExecutor.java:873)
	at io.netty.util.concurrent.DefaultThreadFactory$DefaultRunnableDecorator.run(DefaultThreadFactory.java:144)
	at java.lang.Thread.run(Unknown Source)
[QC2019-07-31 00:05:43] INFO [main] cn.xiaosheng996.NettyProtobufTcpServer.NettyTcpServer.start(60) | Netty Tcp Server started..
[QC2019-07-31 00:05:50] INFO [nioEventLoopGroup-3-1] cn.xiaosheng996.NettyProtobufTcpServer.ServerHandler.channelActive(51) | [/127.0.0.1:3186] connected
[QC2019-07-31 00:14:39] INFO [main] cn.xiaosheng996.NettyProtobufTcpServer.NettyTcpServer.start(60) | Netty Tcp Server started..
[QC2019-07-31 00:14:46] INFO [nioEventLoopGroup-3-1] cn.xiaosheng996.NettyProtobufTcpServer.ServerHandler.channelActive(51) | [/127.0.0.1:3551] connected
[QC2019-07-31 00:14:50] ERROR [nioEventLoopGroup-3-1] cn.xiaosheng996.NettyProtobufTcpServer.ServerHandler.exceptionCaught(87) | handle packet from [005056fffec00008-00000910-00000001-58635aa3cb09a3ee-3e82d78c] failed!
java.io.IOException: 远程主机强迫关闭了一个现有的连接。
	at sun.nio.ch.SocketDispatcher.read0(Native Method)
	at sun.nio.ch.SocketDispatcher.read(Unknown Source)
	at sun.nio.ch.IOUtil.readIntoNativeBuffer(Unknown Source)
	at sun.nio.ch.IOUtil.read(Unknown Source)
	at sun.nio.ch.SocketChannelImpl.read(Unknown Source)
	at io.netty.buffer.PooledUnsafeDirectByteBuf.setBytes(PooledUnsafeDirectByteBuf.java:288)
	at io.netty.buffer.AbstractByteBuf.writeBytes(AbstractByteBuf.java:1100)
	at io.netty.channel.socket.nio.NioSocketChannel.doReadBytes(NioSocketChannel.java:367)
	at io.netty.channel.nio.AbstractNioByteChannel$NioByteUnsafe.read(AbstractNioByteChannel.java:118)
	at io.netty.channel.nio.NioEventLoop.processSelectedKey(NioEventLoop.java:610)
	at io.netty.channel.nio.NioEventLoop.processSelectedKeysOptimized(NioEventLoop.java:551)
	at io.netty.channel.nio.NioEventLoop.processSelectedKeys(NioEventLoop.java:465)
	at io.netty.channel.nio.NioEventLoop.run(NioEventLoop.java:437)
	at io.netty.util.concurrent.SingleThreadEventExecutor$5.run(SingleThreadEventExecutor.java:873)
	at io.netty.util.concurrent.DefaultThreadFactory$DefaultRunnableDecorator.run(DefaultThreadFactory.java:144)
	at java.lang.Thread.run(Unknown Source)
